info it worked if it ends with ok
verbose cli [ 'node', '/usr/local/bin/npm', 'publish', '.' ]
info using npm@1.0.104
info using node@v0.4.9
verbose config file /Users/kilnaar/.npmrc
verbose config file /usr/local/etc/npmrc
verbose config file /usr/local/lib/node_modules/npm/npmrc
verbose publish [ '.' ]
silly testEngine { name: 'sylvester',
silly testEngine   description: 'node.js implementation of James Coglan\'s "Sylvester" matrix math library.',
silly testEngine   version: '0.0.6',
silly testEngine   engines: { node: '>=0.2.6' },
silly testEngine   author: { name: 'Chris Umbel', email: 'chris@chrisumbel.com' },
silly testEngine   keywords: 
silly testEngine    [ 'matrix',
silly testEngine      'vector',
silly testEngine      'linear',
silly testEngine      'line',
silly testEngine      'algebra',
silly testEngine      'matrices' ],
silly testEngine   main: './lib/node-sylvester/index.js',
silly testEngine   maintainers: 
silly testEngine    [ { name: 'Chris Umbel',
silly testEngine        email: 'chris@chrisumbel.com',
silly testEngine        url: 'http://www.chrisumbel.com' },
silly testEngine      { name: 'Rob Ellis', email: 'rob@silentrob.me' } ],
silly testEngine   _npmUser: { name: 'chrisumbel', email: 'chris@chrisumbel.com' },
silly testEngine   _id: 'sylvester@0.0.6',
silly testEngine   dependencies: {},
silly testEngine   devDependencies: {},
silly testEngine   _engineSupported: true,
silly testEngine   _npmVersion: '1.0.104',
silly testEngine   _nodeVersion: 'v0.4.9',
silly testEngine   _defaultsLoaded: true,
silly testEngine   scripts: {} }
verbose caching /Users/kilnaar/src/node-sylvester/package.json
verbose loadDefaults sylvester@0.0.6
info prepublish sylvester@0.0.6
verbose cache add [ '.', null ]
silly cache add: name, spec, args [ undefined, '.', [ '.', null ] ]
verbose parsed url { pathname: '.', href: '.' }
silly testEngine { name: 'sylvester',
silly testEngine   description: 'node.js implementation of James Coglan\'s "Sylvester" matrix math library.',
silly testEngine   version: '0.0.6',
silly testEngine   engines: { node: '>=0.2.6' },
silly testEngine   author: { name: 'Chris Umbel', email: 'chris@chrisumbel.com' },
silly testEngine   keywords: 
silly testEngine    [ 'matrix',
silly testEngine      'vector',
silly testEngine      'linear',
silly testEngine      'line',
silly testEngine      'algebra',
silly testEngine      'matrices' ],
silly testEngine   main: './lib/node-sylvester/index.js',
silly testEngine   maintainers: 
silly testEngine    [ { name: 'Chris Umbel',
silly testEngine        email: 'chris@chrisumbel.com',
silly testEngine        url: 'http://www.chrisumbel.com' },
silly testEngine      { name: 'Rob Ellis', email: 'rob@silentrob.me' } ],
silly testEngine   _npmUser: { name: 'chrisumbel', email: 'chris@chrisumbel.com' },
silly testEngine   _id: 'sylvester@0.0.6',
silly testEngine   dependencies: {},
silly testEngine   devDependencies: {},
silly testEngine   _engineSupported: true,
silly testEngine   _npmVersion: '1.0.104',
silly testEngine   _nodeVersion: 'v0.4.9',
silly testEngine   _defaultsLoaded: true,
silly testEngine   path: '/Users/kilnaar/src/node-sylvester' }
verbose caching package.json
verbose loadDefaults sylvester@0.0.6
verbose pack /Users/kilnaar/src/node-sylvester /var/folders/QA/QAKUzvpTFYmb676sUSrldU+++TI/-Tmp-/npm-1322166159171/1322166159171-0.09117748448625207/tmp.tgz
verbose mkdir (expected) error ENOENT, No such file or directory '/var/folders/QA/QAKUzvpTFYmb676sUSrldU+++TI/-Tmp-/npm-1322166159171'
verbose mkdir (expected) error ENOENT, No such file or directory '/var/folders/QA/QAKUzvpTFYmb676sUSrldU+++TI/-Tmp-/npm-1322166159171/1322166159171-0.09117748448625207'
verbose mkdir done: /var/folders/QA/QAKUzvpTFYmb676sUSrldU+++TI/-Tmp-/npm-1322166159171/1322166159171-0.09117748448625207 755
verbose mkdir'ed /var/folders/QA/QAKUzvpTFYmb676sUSrldU+++TI/-Tmp-/npm-1322166159171/1322166159171-0.09117748448625207
verbose tar about to write tar and gzip it.
silly tar args [ '-czvf', '-', '-T', '-' ]
silly spawning [ 'tar',
silly spawning   [ '-czvf', '-', '-T', '-' ],
silly spawning   '/Users/kilnaar/src' ]
verbose mkdir (expected) error ENOENT, No such file or directory '/var/folders/QA/QAKUzvpTFYmb676sUSrldU+++TI/-Tmp-/npm-1322166159171/1322166159171-0.09117748448625207/contents'
verbose mkdir (expected) error ENOENT, No such file or directory '/var/folders/QA/QAKUzvpTFYmb676sUSrldU+++TI/-Tmp-/npm-1322166159171/1322166159171-0.09117748448625207/contents/___package.npm'
verbose mkdir done: /var/folders/QA/QAKUzvpTFYmb676sUSrldU+++TI/-Tmp-/npm-1322166159171/1322166159171-0.09117748448625207/contents/___package.npm 755
verbose unpack_ uid, gid [ undefined, undefined ]
verbose unpackTarget /var/folders/QA/QAKUzvpTFYmb676sUSrldU+++TI/-Tmp-/npm-1322166159171/1322166159171-0.09117748448625207/contents/package
silly gunzTarPerm modes [ '755', '644' ]
silly spawning [ 'tar',
silly spawning   [ '-zmvxpf',
silly spawning     '/var/folders/QA/QAKUzvpTFYmb676sUSrldU+++TI/-Tmp-/npm-1322166159171/1322166159171-0.09117748448625207/tmp.tgz' ],
silly spawning   '/var/folders/QA/QAKUzvpTFYmb676sUSrldU+++TI/-Tmp-/npm-1322166159171/1322166159171-0.09117748448625207/contents/___package.npm' ]
silly tar err x node-sylvester/index.js
silly tar err x node-sylvester/package.json
silly tar err x node-sylvester/README.rdoc
silly tar err x node-sylvester/LICENSE.txt
silly tar err x node-sylvester/spec/line_segment_spec.js
silly tar err x node-sylvester/spec/line_spec.js
silly tar err x node-sylvester/spec/matrix_spec.js
silly tar err x node-sylvester/spec/plane_spec.js
silly tar err x node-sylvester/spec/vector_spec.js
silly tar err x node-sylvester/lib/node-sylvester/index.js
silly tar err x node-sylvester/lib/node-sylvester/line.js
silly tar err x node-sylvester/lib/node-sylvester/line.segment.js
silly tar err x node-sylvester/lib/node-sylvester/linkedlist.js
silly tar err x node-sylvester/lib/node-sylvester/matrix.js
silly tar err x node-sylvester/lib/node-sylvester/plane.js
silly tar err x node-sylvester/lib/node-sylvester/polygon.js
silly tar err x node-sylvester/lib/node-sylvester/polygon.vertex.js
silly tar err x node-sylvester/lib/node-sylvester/sylvester.js
silly tar err x node-sylvester/lib/node-sylvester/vector.js
silly asyncMap in gTP /var/folders/QA/QAKUzvpTFYmb676sUSrldU+++TI/-Tmp-/npm-1322166159171/1322166159171-0.09117748448625207/contents/___package.npm/node-sylvester
silly asyncMap in gTP /var/folders/QA/QAKUzvpTFYmb676sUSrldU+++TI/-Tmp-/npm-1322166159171/1322166159171-0.09117748448625207/contents/___package.npm/node-sylvester/index.js
silly asyncMap in gTP /var/folders/QA/QAKUzvpTFYmb676sUSrldU+++TI/-Tmp-/npm-1322166159171/1322166159171-0.09117748448625207/contents/___package.npm/node-sylvester/LICENSE.txt
silly asyncMap in gTP /var/folders/QA/QAKUzvpTFYmb676sUSrldU+++TI/-Tmp-/npm-1322166159171/1322166159171-0.09117748448625207/contents/___package.npm/node-sylvester/package.json
silly asyncMap in gTP /var/folders/QA/QAKUzvpTFYmb676sUSrldU+++TI/-Tmp-/npm-1322166159171/1322166159171-0.09117748448625207/contents/___package.npm/node-sylvester/README.rdoc
silly asyncMap in gTP /var/folders/QA/QAKUzvpTFYmb676sUSrldU+++TI/-Tmp-/npm-1322166159171/1322166159171-0.09117748448625207/contents/___package.npm/node-sylvester/spec
silly asyncMap in gTP /var/folders/QA/QAKUzvpTFYmb676sUSrldU+++TI/-Tmp-/npm-1322166159171/1322166159171-0.09117748448625207/contents/___package.npm/node-sylvester/spec/line_segment_spec.js
silly asyncMap in gTP /var/folders/QA/QAKUzvpTFYmb676sUSrldU+++TI/-Tmp-/npm-1322166159171/1322166159171-0.09117748448625207/contents/___package.npm/node-sylvester/spec/line_spec.js
silly asyncMap in gTP /var/folders/QA/QAKUzvpTFYmb676sUSrldU+++TI/-Tmp-/npm-1322166159171/1322166159171-0.09117748448625207/contents/___package.npm/node-sylvester/spec/matrix_spec.js
silly asyncMap in gTP /var/folders/QA/QAKUzvpTFYmb676sUSrldU+++TI/-Tmp-/npm-1322166159171/1322166159171-0.09117748448625207/contents/___package.npm/node-sylvester/spec/plane_spec.js
silly asyncMap in gTP /var/folders/QA/QAKUzvpTFYmb676sUSrldU+++TI/-Tmp-/npm-1322166159171/1322166159171-0.09117748448625207/contents/___package.npm/node-sylvester/spec/vector_spec.js
silly asyncMap in gTP /var/folders/QA/QAKUzvpTFYmb676sUSrldU+++TI/-Tmp-/npm-1322166159171/1322166159171-0.09117748448625207/contents/___package.npm/node-sylvester/lib
silly asyncMap in gTP /var/folders/QA/QAKUzvpTFYmb676sUSrldU+++TI/-Tmp-/npm-1322166159171/1322166159171-0.09117748448625207/contents/___package.npm/node-sylvester/lib/node-sylvester
silly asyncMap in gTP /var/folders/QA/QAKUzvpTFYmb676sUSrldU+++TI/-Tmp-/npm-1322166159171/1322166159171-0.09117748448625207/contents/___package.npm/node-sylvester/lib/node-sylvester/index.js
silly asyncMap in gTP /var/folders/QA/QAKUzvpTFYmb676sUSrldU+++TI/-Tmp-/npm-1322166159171/1322166159171-0.09117748448625207/contents/___package.npm/node-sylvester/lib/node-sylvester/line.js
silly asyncMap in gTP /var/folders/QA/QAKUzvpTFYmb676sUSrldU+++TI/-Tmp-/npm-1322166159171/1322166159171-0.09117748448625207/contents/___package.npm/node-sylvester/lib/node-sylvester/line.segment.js
silly asyncMap in gTP /var/folders/QA/QAKUzvpTFYmb676sUSrldU+++TI/-Tmp-/npm-1322166159171/1322166159171-0.09117748448625207/contents/___package.npm/node-sylvester/lib/node-sylvester/linkedlist.js
silly asyncMap in gTP /var/folders/QA/QAKUzvpTFYmb676sUSrldU+++TI/-Tmp-/npm-1322166159171/1322166159171-0.09117748448625207/contents/___package.npm/node-sylvester/lib/node-sylvester/matrix.js
silly asyncMap in gTP /var/folders/QA/QAKUzvpTFYmb676sUSrldU+++TI/-Tmp-/npm-1322166159171/1322166159171-0.09117748448625207/contents/___package.npm/node-sylvester/lib/node-sylvester/plane.js
silly asyncMap in gTP /var/folders/QA/QAKUzvpTFYmb676sUSrldU+++TI/-Tmp-/npm-1322166159171/1322166159171-0.09117748448625207/contents/___package.npm/node-sylvester/lib/node-sylvester/polygon.js
silly asyncMap in gTP /var/folders/QA/QAKUzvpTFYmb676sUSrldU+++TI/-Tmp-/npm-1322166159171/1322166159171-0.09117748448625207/contents/___package.npm/node-sylvester/lib/node-sylvester/polygon.vertex.js
silly asyncMap in gTP /var/folders/QA/QAKUzvpTFYmb676sUSrldU+++TI/-Tmp-/npm-1322166159171/1322166159171-0.09117748448625207/contents/___package.npm/node-sylvester/lib/node-sylvester/sylvester.js
silly asyncMap in gTP /var/folders/QA/QAKUzvpTFYmb676sUSrldU+++TI/-Tmp-/npm-1322166159171/1322166159171-0.09117748448625207/contents/___package.npm/node-sylvester/lib/node-sylvester/vector.js
verbose gunzed /var/folders/QA/QAKUzvpTFYmb676sUSrldU+++TI/-Tmp-/npm-1322166159171/1322166159171-0.09117748448625207/contents/___package.npm/node-sylvester
verbose rm'ed /var/folders/QA/QAKUzvpTFYmb676sUSrldU+++TI/-Tmp-/npm-1322166159171/1322166159171-0.09117748448625207/contents/package
verbose renamed [ '/var/folders/QA/QAKUzvpTFYmb676sUSrldU+++TI/-Tmp-/npm-1322166159171/1322166159171-0.09117748448625207/contents/___package.npm/node-sylvester',
verbose renamed   '/var/folders/QA/QAKUzvpTFYmb676sUSrldU+++TI/-Tmp-/npm-1322166159171/1322166159171-0.09117748448625207/contents/package' ]
silly testEngine { name: 'sylvester',
silly testEngine   description: 'node.js implementation of James Coglan\'s "Sylvester" matrix math library.',
silly testEngine   version: '0.0.6',
silly testEngine   engines: { node: '>=0.2.6' },
silly testEngine   author: { name: 'Chris Umbel', email: 'chris@chrisumbel.com' },
silly testEngine   keywords: 
silly testEngine    [ 'matrix',
silly testEngine      'vector',
silly testEngine      'linear',
silly testEngine      'line',
silly testEngine      'algebra',
silly testEngine      'matrices' ],
silly testEngine   main: './lib/node-sylvester/index.js',
silly testEngine   maintainers: 
silly testEngine    [ { name: 'Chris Umbel',
silly testEngine        email: 'chris@chrisumbel.com',
silly testEngine        url: 'http://www.chrisumbel.com' },
silly testEngine      { name: 'Rob Ellis', email: 'rob@silentrob.me' } ],
silly testEngine   _npmUser: { name: 'chrisumbel', email: 'chris@chrisumbel.com' },
silly testEngine   _id: 'sylvester@0.0.6',
silly testEngine   dependencies: {},
silly testEngine   devDependencies: {},
silly testEngine   _engineSupported: true,
silly testEngine   _npmVersion: '1.0.104',
silly testEngine   _nodeVersion: 'v0.4.9',
silly testEngine   _defaultsLoaded: true,
silly testEngine   path: '/var/folders/QA/QAKUzvpTFYmb676sUSrldU+++TI/-Tmp-/npm-1322166159171/1322166159171-0.09117748448625207/contents/package' }
verbose caching /var/folders/QA/QAKUzvpTFYmb676sUSrldU+++TI/-Tmp-/npm-1322166159171/1322166159171-0.09117748448625207/contents/package/package.json
verbose loadDefaults sylvester@0.0.6
verbose tarball contents [ 'package' ]
verbose from cache /var/folders/QA/QAKUzvpTFYmb676sUSrldU+++TI/-Tmp-/npm-1322166159171/1322166159171-0.09117748448625207/contents/package/package.json
verbose pack /var/folders/QA/QAKUzvpTFYmb676sUSrldU+++TI/-Tmp-/npm-1322166159171/1322166159171-0.09117748448625207/contents/package /Users/kilnaar/.npm/sylvester/0.0.6/package.tgz
verbose mkdir (expected) error ENOENT, No such file or directory '/Users/kilnaar/.npm/sylvester/0.0.6'
verbose mkdir done: /Users/kilnaar/.npm/sylvester/0.0.6 755
verbose mkdir'ed /Users/kilnaar/.npm/sylvester/0.0.6
verbose tar about to write tar and gzip it.
silly tar args [ '-czvf', '-', '-T', '-' ]
silly spawning [ 'tar',
silly spawning   [ '-czvf', '-', '-T', '-' ],
silly spawning   '/var/folders/QA/QAKUzvpTFYmb676sUSrldU+++TI/-Tmp-/npm-1322166159171/1322166159171-0.09117748448625207/contents' ]
verbose mkdir (expected) error ENOENT, No such file or directory '/Users/kilnaar/.npm/sylvester/0.0.6/___package.npm'
verbose mkdir done: /Users/kilnaar/.npm/sylvester/0.0.6/___package.npm 755
verbose unpack_ uid, gid [ undefined, undefined ]
verbose unpackTarget /Users/kilnaar/.npm/sylvester/0.0.6/package
silly gunzTarPerm modes [ '755', '644' ]
silly spawning [ 'tar',
silly spawning   [ '-zmvxpf',
silly spawning     '/Users/kilnaar/.npm/sylvester/0.0.6/package.tgz' ],
silly spawning   '/Users/kilnaar/.npm/sylvester/0.0.6/___package.npm' ]
silly tar err x package/index.js
silly tar err x package/LICENSE.txt
silly tar err x package/package.json
silly tar err x package/README.rdoc
silly tar err x package/spec/line_segment_spec.js
silly tar err x package/spec/line_spec.js
silly tar err x package/spec/matrix_spec.js
silly tar err x package/spec/plane_spec.js
silly tar err x package/spec/vector_spec.js
silly tar err x package/lib/node-sylvester/index.js
silly tar err x package/lib/node-sylvester/line.js
silly tar err x package/lib/node-sylvester/line.segment.js
silly tar err x package/lib/node-sylvester/linkedlist.js
silly tar err x package/lib/node-sylvester/matrix.js
silly tar err x package/lib/node-sylvester/plane.js
silly tar err x package/lib/node-sylvester/polygon.js
silly tar err x package/lib/node-sylvester/polygon.vertex.js
silly tar err x package/lib/node-sylvester/sylvester.js
silly tar err x package/lib/node-sylvester/vector.js
silly asyncMap in gTP /Users/kilnaar/.npm/sylvester/0.0.6/___package.npm/package
silly asyncMap in gTP /Users/kilnaar/.npm/sylvester/0.0.6/___package.npm/package/index.js
silly asyncMap in gTP /Users/kilnaar/.npm/sylvester/0.0.6/___package.npm/package/LICENSE.txt
silly asyncMap in gTP /Users/kilnaar/.npm/sylvester/0.0.6/___package.npm/package/package.json
silly asyncMap in gTP /Users/kilnaar/.npm/sylvester/0.0.6/___package.npm/package/README.rdoc
silly asyncMap in gTP /Users/kilnaar/.npm/sylvester/0.0.6/___package.npm/package/spec
silly asyncMap in gTP /Users/kilnaar/.npm/sylvester/0.0.6/___package.npm/package/spec/line_segment_spec.js
silly asyncMap in gTP /Users/kilnaar/.npm/sylvester/0.0.6/___package.npm/package/spec/line_spec.js
silly asyncMap in gTP /Users/kilnaar/.npm/sylvester/0.0.6/___package.npm/package/spec/matrix_spec.js
silly asyncMap in gTP /Users/kilnaar/.npm/sylvester/0.0.6/___package.npm/package/spec/plane_spec.js
silly asyncMap in gTP /Users/kilnaar/.npm/sylvester/0.0.6/___package.npm/package/spec/vector_spec.js
silly asyncMap in gTP /Users/kilnaar/.npm/sylvester/0.0.6/___package.npm/package/lib
silly asyncMap in gTP /Users/kilnaar/.npm/sylvester/0.0.6/___package.npm/package/lib/node-sylvester
silly asyncMap in gTP /Users/kilnaar/.npm/sylvester/0.0.6/___package.npm/package/lib/node-sylvester/index.js
silly asyncMap in gTP /Users/kilnaar/.npm/sylvester/0.0.6/___package.npm/package/lib/node-sylvester/line.js
silly asyncMap in gTP /Users/kilnaar/.npm/sylvester/0.0.6/___package.npm/package/lib/node-sylvester/line.segment.js
silly asyncMap in gTP /Users/kilnaar/.npm/sylvester/0.0.6/___package.npm/package/lib/node-sylvester/linkedlist.js
silly asyncMap in gTP /Users/kilnaar/.npm/sylvester/0.0.6/___package.npm/package/lib/node-sylvester/matrix.js
silly asyncMap in gTP /Users/kilnaar/.npm/sylvester/0.0.6/___package.npm/package/lib/node-sylvester/plane.js
silly asyncMap in gTP /Users/kilnaar/.npm/sylvester/0.0.6/___package.npm/package/lib/node-sylvester/polygon.js
silly asyncMap in gTP /Users/kilnaar/.npm/sylvester/0.0.6/___package.npm/package/lib/node-sylvester/polygon.vertex.js
silly asyncMap in gTP /Users/kilnaar/.npm/sylvester/0.0.6/___package.npm/package/lib/node-sylvester/sylvester.js
silly asyncMap in gTP /Users/kilnaar/.npm/sylvester/0.0.6/___package.npm/package/lib/node-sylvester/vector.js
verbose gunzed /Users/kilnaar/.npm/sylvester/0.0.6/___package.npm/package
verbose rm'ed /Users/kilnaar/.npm/sylvester/0.0.6/package
verbose renamed [ '/Users/kilnaar/.npm/sylvester/0.0.6/___package.npm/package',
verbose renamed   '/Users/kilnaar/.npm/sylvester/0.0.6/package' ]
silly testEngine { name: 'sylvester',
silly testEngine   description: 'node.js implementation of James Coglan\'s "Sylvester" matrix math library.',
silly testEngine   version: '0.0.6',
silly testEngine   engines: { node: '>=0.2.6' },
silly testEngine   author: { name: 'Chris Umbel', email: 'chris@chrisumbel.com' },
silly testEngine   keywords: 
silly testEngine    [ 'matrix',
silly testEngine      'vector',
silly testEngine      'linear',
silly testEngine      'line',
silly testEngine      'algebra',
silly testEngine      'matrices' ],
silly testEngine   main: './lib/node-sylvester/index.js',
silly testEngine   maintainers: 
silly testEngine    [ { name: 'Chris Umbel',
silly testEngine        email: 'chris@chrisumbel.com',
silly testEngine        url: 'http://www.chrisumbel.com' },
silly testEngine      { name: 'Rob Ellis', email: 'rob@silentrob.me' } ],
silly testEngine   _npmUser: { name: 'chrisumbel', email: 'chris@chrisumbel.com' },
silly testEngine   _id: 'sylvester@0.0.6',
silly testEngine   dependencies: {},
silly testEngine   devDependencies: {},
silly testEngine   _engineSupported: true,
silly testEngine   _npmVersion: '1.0.104',
silly testEngine   _nodeVersion: 'v0.4.9',
silly testEngine   _defaultsLoaded: true,
silly testEngine   dist: 
silly testEngine    { shasum: '9ca63dc2cb1d12648a5f4892e0a3dd0afa185166',
silly testEngine      tarball: 'http://registry.npmjs.org/sylvester/-/sylvester-0.0.6.tgz' } }
verbose caching /Users/kilnaar/.npm/sylvester/0.0.6/package/package.json
verbose loadDefaults sylvester@0.0.6
silly updated sha bytes 30720
info shasum 9ca63dc2cb1d12648a5f4892e0a3dd0afa185166
info shasum /Users/kilnaar/.npm/sylvester/0.0.6/package.tgz
verbose from cache /Users/kilnaar/.npm/sylvester/0.0.6/package/package.json
verbose chmod /Users/kilnaar/.npm/sylvester/0.0.6/package.tgz 644
verbose chown [ '/Users/kilnaar/.npm/sylvester/0.0.6/package.tgz',
verbose chown   501,
verbose chown   20 ]
silly publish { name: 'sylvester',
silly publish   description: 'node.js implementation of James Coglan\'s "Sylvester" matrix math library.',
silly publish   version: '0.0.6',
silly publish   engines: { node: '>=0.2.6' },
silly publish   author: { name: 'Chris Umbel', email: 'chris@chrisumbel.com' },
silly publish   keywords: 
silly publish    [ 'matrix',
silly publish      'vector',
silly publish      'linear',
silly publish      'line',
silly publish      'algebra',
silly publish      'matrices' ],
silly publish   main: './lib/node-sylvester/index.js',
silly publish   maintainers: 
silly publish    [ { name: 'Chris Umbel',
silly publish        email: 'chris@chrisumbel.com',
silly publish        url: 'http://www.chrisumbel.com' },
silly publish      { name: 'Rob Ellis', email: 'rob@silentrob.me' } ],
silly publish   _npmUser: { name: 'chrisumbel', email: 'chris@chrisumbel.com' },
silly publish   _id: 'sylvester@0.0.6',
silly publish   dependencies: {},
silly publish   devDependencies: {},
silly publish   _engineSupported: true,
silly publish   _npmVersion: '1.0.104',
silly publish   _nodeVersion: 'v0.4.9',
silly publish   _defaultsLoaded: true,
silly publish   dist: 
silly publish    { shasum: '9ca63dc2cb1d12648a5f4892e0a3dd0afa185166',
silly publish      tarball: 'http://registry.npmjs.org/sylvester/-/sylvester-0.0.6.tgz' } }
verbose PUT sylvester
verbose raw, before any munging sylvester
verbose url resolving [ 'https://registry.npmjs.org/', './sylvester' ]
verbose url resolved https://registry.npmjs.org/sylvester
ERR! Failed PUT response undefined
ERR! Error: ECONNREFUSED, Could not contact DNS servers
ERR!     at IOWatcher.callback (dns.js:74:15)
ERR! Report this *entire* log at:
ERR!     <http://github.com/isaacs/npm/issues>
ERR! or email it to:
ERR!     <npm-@googlegroups.com>
ERR! 
ERR! System Darwin 10.8.0
ERR! command "node" "/usr/local/bin/npm" "publish" "."
ERR! cwd /Users/kilnaar/src/node-sylvester
ERR! node -v v0.4.9
ERR! npm -v 1.0.104
ERR! code ECONNREFUSED
verbose exit [ 1, true ]
